<?xml version="1.0" encoding="UTF-8"?>
<!-- Generated by org.testng.reporters.JUnitXMLReporter -->
<testsuite hostname="LAPTOP-2I6QAMAI" ignored="0" name="Test" tests="3" failures="0" timestamp="2021-06-22T18:54:04 IST" time="5.16" errors="0">
  <testcase name="TestMethod" time="0.022" classname="com.test.TestClass"/>
  <testcase name="TestMethod1" time="5.008" classname="com.test.TestClass"/>
  <testcase name="TestMethod2" time="0.012" classname="com.test.TestClass"/>
</testsuite> <!-- Test -->
