<?xml version="1.0" encoding="UTF-8"?>
<testng-results skipped="0" failed="1" ignored="2" total="4" passed="1">
  <reporter-output>
  </reporter-output>
  <suite name="Suite" duration-ms="111506" started-at="2021-06-23T14:27:21 IST" finished-at="2021-06-23T14:29:12 IST">
    <groups>
    </groups>
    <test name="TestPositive" duration-ms="111506" started-at="2021-06-23T14:27:21 IST" finished-at="2021-06-23T14:29:12 IST">
      <class name="com.test.MMT_SearchFlight">
        <test-method status="PASS" signature="beforeSuite()[pri:0, instance:com.test.MMT_SearchFlight@71bbf57e]" name="beforeSuite" is-config="true" duration-ms="534" started-at="2021-06-23T14:27:20 IST" finished-at="2021-06-23T14:27:21 IST">
          <reporter-output>
          </reporter-output>
        </test-method> <!-- beforeSuite -->
        <test-method status="PASS" signature="beforeTest()[pri:0, instance:com.test.MMT_SearchFlight@71bbf57e]" name="beforeTest" is-config="true" duration-ms="11365" started-at="2021-06-23T14:27:21 IST" finished-at="2021-06-23T14:27:32 IST">
          <reporter-output>
          </reporter-output>
        </test-method> <!-- beforeTest -->
        <test-method status="PASS" signature="TC_01_Search_Flight_Positive()[pri:0, instance:com.test.MMT_SearchFlight@71bbf57e]" name="TC_01_Search_Flight_Positive" duration-ms="46879" started-at="2021-06-23T14:27:32 IST" finished-at="2021-06-23T14:28:19 IST">
          <reporter-output>
          </reporter-output>
        </test-method> <!-- TC_01_Search_Flight_Positive -->
        <test-method status="PASS" signature="afterTest()[pri:0, instance:com.test.MMT_SearchFlight@71bbf57e]" name="afterTest" is-config="true" duration-ms="1427" started-at="2021-06-23T14:28:19 IST" finished-at="2021-06-23T14:28:20 IST">
          <reporter-output>
          </reporter-output>
        </test-method> <!-- afterTest -->
        <test-method status="PASS" signature="afterSuite()[pri:0, instance:com.test.MMT_SearchFlight@71bbf57e]" name="afterSuite" is-config="true" duration-ms="1" started-at="2021-06-23T14:29:12 IST" finished-at="2021-06-23T14:29:12 IST">
          <reporter-output>
          </reporter-output>
        </test-method> <!-- afterSuite -->
      </class> <!-- com.test.MMT_SearchFlight -->
      <class name="com.test.MMT_SearchFlight_Negetive">
        <test-method status="PASS" signature="beforeTest()[pri:0, instance:com.test.MMT_SearchFlight_Negetive@7f13d6e]" name="beforeTest" is-config="true" duration-ms="14461" started-at="2021-06-23T14:28:20 IST" finished-at="2021-06-23T14:28:35 IST">
          <reporter-output>
          </reporter-output>
        </test-method> <!-- beforeTest -->
        <test-method status="FAIL" signature="TC_01_Search_Flight_Negetive()[pri:0, instance:com.test.MMT_SearchFlight_Negetive@7f13d6e]" name="TC_01_Search_Flight_Negetive" duration-ms="35979" started-at="2021-06-23T14:28:35 IST" finished-at="2021-06-23T14:29:11 IST">
          <exception class="org.openqa.selenium.NoSuchElementException">
            <message>
              <![CDATA[no such element: Unable to locate element: {"method":"xpath","selector":"//div[@class='rvw-labelView-block']/following-sibling::div//span"}
  (Session info: chrome=91.0.4472.114)
For documentation on this error, please visit: https://www.seleniumhq.org/exceptions/no_such_element.html
Build info: version: '3.141.59', revision: 'e82be7d358', time: '2018-11-14T08:17:03'
System info: host: 'LAPTOP-2I6QAMAI', ip: '172.29.208.1', os.name: 'Windows 10', os.arch: 'amd64', os.version: '10.0', java.version: '1.8.0_271'
Driver info: org.openqa.selenium.chrome.ChromeDriver
Capabilities {acceptInsecureCerts: false, browserName: chrome, browserVersion: 91.0.4472.114, chrome: {chromedriverVersion: 90.0.4430.24 (4c6d850f087da..., userDataDir: C:\Users\Raunak\AppData\Loc...}, goog:chromeOptions: {debuggerAddress: localhost:57830}, javascriptEnabled: true, networkConnectionEnabled: false, pageLoadStrategy: normal, platform: WINDOWS, platformName: WINDOWS, proxy: Proxy(), setWindowRect: true, strictFileInteractability: false, timeouts: {implicit: 0, pageLoad: 300000, script: 30000}, unhandledPromptBehavior: dismiss and notify, webauthn:extension:largeBlob: true, webauthn:virtualAuthenticators: true}
Session ID: 6891600f228ed6011229e5826a39be62
*** Element info: {Using=xpath, value=//div[@class='rvw-labelView-block']/following-sibling::div//span}]]>
            </message>
            <full-stacktrace>
              <![CDATA[org.openqa.selenium.NoSuchElementException: no such element: Unable to locate element: {"method":"xpath","selector":"//div[@class='rvw-labelView-block']/following-sibling::div//span"}
  (Session info: chrome=91.0.4472.114)
For documentation on this error, please visit: https://www.seleniumhq.org/exceptions/no_such_element.html
Build info: version: '3.141.59', revision: 'e82be7d358', time: '2018-11-14T08:17:03'
System info: host: 'LAPTOP-2I6QAMAI', ip: '172.29.208.1', os.name: 'Windows 10', os.arch: 'amd64', os.version: '10.0', java.version: '1.8.0_271'
Driver info: org.openqa.selenium.chrome.ChromeDriver
Capabilities {acceptInsecureCerts: false, browserName: chrome, browserVersion: 91.0.4472.114, chrome: {chromedriverVersion: 90.0.4430.24 (4c6d850f087da..., userDataDir: C:\Users\Raunak\AppData\Loc...}, goog:chromeOptions: {debuggerAddress: localhost:57830}, javascriptEnabled: true, networkConnectionEnabled: false, pageLoadStrategy: normal, platform: WINDOWS, platformName: WINDOWS, proxy: Proxy(), setWindowRect: true, strictFileInteractability: false, timeouts: {implicit: 0, pageLoad: 300000, script: 30000}, unhandledPromptBehavior: dismiss and notify, webauthn:extension:largeBlob: true, webauthn:virtualAuthenticators: true}
Session ID: 6891600f228ed6011229e5826a39be62
*** Element info: {Using=xpath, value=//div[@class='rvw-labelView-block']/following-sibling::div//span}
at sun.reflect.NativeConstructorAccessorImpl.newInstance0(Native Method)
at sun.reflect.NativeConstructorAccessorImpl.newInstance(NativeConstructorAccessorImpl.java:62)
at sun.reflect.DelegatingConstructorAccessorImpl.newInstance(DelegatingConstructorAccessorImpl.java:45)
at java.lang.reflect.Constructor.newInstance(Constructor.java:423)
at org.openqa.selenium.remote.http.W3CHttpResponseCodec.createException(W3CHttpResponseCodec.java:187)
at org.openqa.selenium.remote.http.W3CHttpResponseCodec.decode(W3CHttpResponseCodec.java:122)
at org.openqa.selenium.remote.http.W3CHttpResponseCodec.decode(W3CHttpResponseCodec.java:49)
at org.openqa.selenium.remote.HttpCommandExecutor.execute(HttpCommandExecutor.java:158)
at org.openqa.selenium.remote.service.DriverCommandExecutor.execute(DriverCommandExecutor.java:83)
at org.openqa.selenium.remote.RemoteWebDriver.execute(RemoteWebDriver.java:552)
at org.openqa.selenium.remote.RemoteWebDriver.findElement(RemoteWebDriver.java:323)
at org.openqa.selenium.remote.RemoteWebDriver.findElementByXPath(RemoteWebDriver.java:428)
at org.openqa.selenium.By$ByXPath.findElement(By.java:353)
at org.openqa.selenium.remote.RemoteWebDriver.findElement(RemoteWebDriver.java:315)
at com.common.ReusuableFunctions.findElement(ReusuableFunctions.java:80)
at com.pages.MakeMytripCompleteBookingPage.verifyDestinationNotFound(MakeMytripCompleteBookingPage.java:48)
at com.test.MMT_SearchFlight_Negetive.TC_01_Search_Flight_Negetive(MMT_SearchFlight_Negetive.java:36)
at sun.reflect.NativeMethodAccessorImpl.invoke0(Native Method)
at sun.reflect.NativeMethodAccessorImpl.invoke(NativeMethodAccessorImpl.java:62)
at sun.reflect.DelegatingMethodAccessorImpl.invoke(DelegatingMethodAccessorImpl.java:43)
at java.lang.reflect.Method.invoke(Method.java:498)
at org.testng.internal.MethodInvocationHelper.invokeMethod(MethodInvocationHelper.java:132)
at org.testng.internal.TestInvoker.invokeMethod(TestInvoker.java:599)
at org.testng.internal.TestInvoker.invokeTestMethod(TestInvoker.java:174)
at org.testng.internal.MethodRunner.runInSequence(MethodRunner.java:46)
at org.testng.internal.TestInvoker$MethodInvocationAgent.invoke(TestInvoker.java:822)
at org.testng.internal.TestInvoker.invokeTestMethods(TestInvoker.java:147)
at org.testng.internal.TestMethodWorker.invokeTestMethods(TestMethodWorker.java:146)
at org.testng.internal.TestMethodWorker.run(TestMethodWorker.java:128)
at java.util.ArrayList.forEach(ArrayList.java:1259)
at org.testng.TestRunner.privateRun(TestRunner.java:764)
at org.testng.TestRunner.run(TestRunner.java:585)
at org.testng.SuiteRunner.runTest(SuiteRunner.java:384)
at org.testng.SuiteRunner.runSequentially(SuiteRunner.java:378)
at org.testng.SuiteRunner.privateRun(SuiteRunner.java:337)
at org.testng.SuiteRunner.run(SuiteRunner.java:286)
at org.testng.SuiteRunnerWorker.runSuite(SuiteRunnerWorker.java:53)
at org.testng.SuiteRunnerWorker.run(SuiteRunnerWorker.java:96)
at org.testng.TestNG.runSuitesSequentially(TestNG.java:1218)
at org.testng.TestNG.runSuitesLocally(TestNG.java:1140)
at org.testng.TestNG.runSuites(TestNG.java:1069)
at org.testng.TestNG.run(TestNG.java:1037)
at org.testng.remote.AbstractRemoteTestNG.run(AbstractRemoteTestNG.java:115)
at org.testng.remote.RemoteTestNG.initAndRun(RemoteTestNG.java:251)
at org.testng.remote.RemoteTestNG.main(RemoteTestNG.java:77)
]]>
            </full-stacktrace>
          </exception> <!-- org.openqa.selenium.NoSuchElementException -->
          <reporter-output>
          </reporter-output>
        </test-method> <!-- TC_01_Search_Flight_Negetive -->
        <test-method status="PASS" signature="afterTest()[pri:0, instance:com.test.MMT_SearchFlight_Negetive@7f13d6e]" name="afterTest" is-config="true" duration-ms="1321" started-at="2021-06-23T14:29:11 IST" finished-at="2021-06-23T14:29:12 IST">
          <reporter-output>
          </reporter-output>
        </test-method> <!-- afterTest -->
      </class> <!-- com.test.MMT_SearchFlight_Negetive -->
    </test> <!-- TestPositive -->
  </suite> <!-- Suite -->
</testng-results>
